<?xml version="1.0" encoding="UTF-8"?>
<!-- Generated by org.testng.reporters.JUnitReportReporter -->
<testsuite skipped="0" hostname="tinas-MacBook-Pro.local" name="Booking" tests="1" failures="0" timestamp="2022-12-15T21:27:32 IST" time="37.361" errors="0">
  <testcase name="TicketBooking" time="37.361" classname="Booking"/>
  <system-out/>
</testsuite> <!-- Booking -->
