<?xml version="1.0" encoding="UTF-8"?>
<!-- Generated by org.testng.reporters.JUnitReportReporter -->
<testsuite hostname="tinas-MacBook-Pro.local" failures="0" tests="1" name="Booking" time="35.024" errors="0" timestamp="2022-12-12T22:42:02 IST" skipped="0">
  <testcase classname="Booking" name="TicketBooking" time="35.024"/>
  <system-out/>
</testsuite> <!-- Booking -->
